<?xml version="1.0" encoding="UTF-8"?>
<!-- Generated by org.testng.reporters.JUnitReportReporter -->
<testsuite hostname="DESKTOP-BM24KA3" failures="0" tests="2" name="test.Day4" time="0.005" errors="0" timestamp="2024-03-04T12:57:37 IST" skipped="0">
  <testcase classname="test.Day4" name="webLogin" time="0.002"/>
  <system-out/>
  <testcase classname="test.Day4" name="APILogin" time="0.003"/>
  <system-out/>
</testsuite> <!-- test.Day4 -->
