<?xml version="1.0" encoding="UTF-8"?>
<!-- Generated by org.testng.reporters.JUnitReportReporter -->
<testsuite hostname="DESKTOP-BM24KA3" failures="0" tests="4" name="test.Day2" time="0.019" errors="0" timestamp="2024-03-04T12:57:37 IST" skipped="0">
  <testcase classname="test.Day2" name="exDataPro" time="0.002"/>
  <system-out/>
  <testcase classname="test.Day2" name="ThirdTest" time="0.003"/>
  <system-out/>
  <testcase classname="test.Day2" name="exDataPro" time="0.011"/>
  <system-out/>
  <testcase classname="test.Day2" name="exDataPro" time="0.003"/>
  <system-out/>
</testsuite> <!-- test.Day2 -->
